<?xml version="1.0" encoding="UTF-8"?>
<!-- Generated by org.testng.reporters.JUnitXMLReporter -->
<testsuite ignored="0" hostname="MT-PG02HEP4" failures="1" tests="10" name="Test" time="247.559" errors="0" timestamp="2021-11-22T13:58:23 IST">
  <testcase classname="com.mindtree.TestPack.LoginTest" name="LoginTestMethod" time="10.925"/>
  <testcase classname="com.mindtree.TestPack.CartTest" name="CartTestMethod" time="27.323"/>
  <testcase classname="com.mindtree.TestPack.CodTest" name="CodCheckMethod" time="8.948"/>
  <testcase classname="com.mindtree.TestPack.ContactTest" name="ContactTestMethod" time="9.906"/>
  <testcase classname="com.mindtree.TestPack.CorporateGiftsTest" name="CorporateGiftsTestMethod" time="10.588"/>
  <testcase classname="com.mindtree.TestPack.LatestProductTest" name="LatestProductTestMethod" time="9.581"/>
  <testcase classname="com.mindtree.TestPack.MerchandizeTest" name="MerchandizeTestMethod" time="12.357"/>
  <testcase classname="com.mindtree.TestPack.HeaderLinkTest" name="HeaderLinkTestMethod" time="12.278"/>
  <testcase classname="com.mindtree.TestPack.GiftCardTest" name="GiftCardTestMethod" time="8.665">
    <failure type="java.lang.AssertionError" message="expected [Shubham] but found [Gift Card]">
      <![CDATA[java.lang.AssertionError: expected [Shubham] but found [Gift Card]
at com.mindtree.TestPack.GiftCardTest.GiftCardTestMethod(GiftCardTest.java:71)
at java.base/java.util.ArrayList.forEach(ArrayList.java:1541)
... Removed 38 stack frames]]>
    </failure>
  </testcase> <!-- GiftCardTestMethod -->
  <testcase classname="com.mindtree.TestPack.OfficialMerchantTest" name="CheckOfficialMerchant" time="15.097"/>
</testsuite> <!-- Test -->
